<?xml version="1.0" encoding="UTF-8"?>
<testsuite xmlns:xsi="http://www.w3.org/2001/XMLSchema-instance" xsi:noNamespaceSchemaLocation="https://maven.apache.org/surefire/maven-surefire-plugin/xsd/surefire-test-report.xsd" name="wethinkcode.places.PlaceNameApiTest" time="1.629" tests="3" errors="0" skipped="0" failures="0">
  <properties>
[...]
</properties>
  <testcase name="getTownsInAProvince_provinceExistsInDb" classname="wethinkcode.places.PlaceNameApiTest" time="0.987"/>
  <testcase name="getTownsInAProvince_noSuchProvinceInDb" classname="wethinkcode.places.PlaceNameApiTest" time="0.008"/>
  <testcase name="getProvincesJson" classname="wethinkcode.places.PlaceNameApiTest" time="0.008"/>
</testsuite>